<?xml version="1.0" encoding="UTF-8"?>
<Site BuildName="Linux-g++"
	BuildStamp="20231212-1241-Experimental"
	Name="onion"
	Generator="ctest-3.27.9"
	CompilerName="/usr/bin/g++"
	CompilerVersion="13.2.1"
	OSName="Linux"
	Hostname="onion"
	OSRelease="6.6.4-arch1-1"
	OSVersion="#1 SMP PREEMPT_DYNAMIC Mon, 04 Dec 2023 00:29:19 +0000"
	OSPlatform="x86_64"
	Is64Bits="1"
	VendorString="AuthenticAMD"
	VendorID="Advanced Micro Devices"
	FamilyID="25"
	ModelID="80"
	ProcessorCacheSize="512"
	NumberOfLogicalCPU="12"
	NumberOfPhysicalCPU="6"
	TotalVirtualMemory="16383"
	TotalPhysicalMemory="15342"
	LogicalProcessorsPerPhysical="2"
	ProcessorClockFrequency="2466.77"
	>
	<Testing>
		<StartDateTime>Dec 12 14:15 EST</StartDateTime>
		<StartTestTime>1702408503</StartTestTime>
		<TestList/>
		<EndDateTime>Dec 12 14:15 EST</EndDateTime>
		<EndTestTime>1702408503</EndTestTime>
		<ElapsedMinutes>0</ElapsedMinutes>
	</Testing>
</Site>
